{"error":"Cannot read properties of undefined (reading 'length')","jid":"user-123","level":"\u001b[31merror\u001b[39m","message":"\u001b[31mError getting user\u001b[39m","timestamp":"2025-09-10 06:51:56:5156"}
{"error":"this.prisma.$queryRaw is not a function","level":"\u001b[31merror\u001b[39m","message":"\u001b[31mDatabase health check failed\u001b[39m","timestamp":"2025-09-10 06:51:56:5156"}
{"error":"this.prisma.$queryRaw is not a function","level":"\u001b[31merror\u001b[39m","message":"\u001b[31mDatabase health check failed\u001b[39m","timestamp":"2025-09-10 06:51:56:5156"}
{"error":"Unexpected token 'i', \"invalid json\" is not valid JSON","level":"\u001b[31merror\u001b[39m","message":"\u001b[31mFailed to handle WebSocket message\u001b[39m","timestamp":"2025-09-10 06:51:58:5158"}
{"error":"Database error","level":"\u001b[31merror\u001b[39m","message":"\u001b[31mFailed to update metrics\u001b[39m","timestamp":"2025-09-10 06:51:58:5158"}
{"error":"Cannot read properties of undefined (reading 'groupBy')","level":"\u001b[31merror\u001b[39m","message":"\u001b[31mFailed to get detailed metrics\u001b[39m","timeframe":"24h","timestamp":"2025-09-10 06:51:58:5158"}
{"error":"Cannot read properties of undefined (reading 'groupBy')","level":"\u001b[31merror\u001b[39m","message":"\u001b[31mFailed to get detailed metrics\u001b[39m","timeframe":"1h","timestamp":"2025-09-10 06:51:58:5158"}
{"error":"Unknown report type: unknown_report","filters":{},"level":"\u001b[31merror\u001b[39m","message":"\u001b[31mFailed to generate BI report\u001b[39m","reportType":"unknown_report","timestamp":"2025-09-10 06:51:58:5158"}
{"error":"Connection failed","level":"\u001b[31merror\u001b[39m","message":"\u001b[31mFailed to connect to database\u001b[39m","timestamp":"2025-09-10 06:53:11:5311"}
{"error":"Connection failed","level":"\u001b[31merror\u001b[39m","message":"\u001b[31mDatabase health check failed\u001b[39m","timestamp":"2025-09-10 06:53:11:5311"}
{"error":"Unexpected token 'i', \"invalid json\" is not valid JSON","level":"\u001b[31merror\u001b[39m","message":"\u001b[31mFailed to handle WebSocket message\u001b[39m","timestamp":"2025-09-10 06:53:12:5312"}
{"error":"Database error","level":"\u001b[31merror\u001b[39m","message":"\u001b[31mFailed to update metrics\u001b[39m","timestamp":"2025-09-10 06:53:12:5312"}
{"error":"Cannot read properties of undefined (reading 'groupBy')","level":"\u001b[31merror\u001b[39m","message":"\u001b[31mFailed to get detailed metrics\u001b[39m","timeframe":"24h","timestamp":"2025-09-10 06:53:12:5312"}
{"error":"Cannot read properties of undefined (reading 'groupBy')","level":"\u001b[31merror\u001b[39m","message":"\u001b[31mFailed to get detailed metrics\u001b[39m","timeframe":"1h","timestamp":"2025-09-10 06:53:12:5312"}
{"error":"Unknown report type: unknown_report","filters":{},"level":"\u001b[31merror\u001b[39m","message":"\u001b[31mFailed to generate BI report\u001b[39m","reportType":"unknown_report","timestamp":"2025-09-10 06:53:12:5312"}
{"error":"Unexpected token 'i', \"invalid json\" is not valid JSON","level":"\u001b[31merror\u001b[39m","message":"\u001b[31mFailed to handle WebSocket message\u001b[39m","timestamp":"2025-09-10 06:54:29:5429"}
{"error":"Database error","level":"\u001b[31merror\u001b[39m","message":"\u001b[31mFailed to update metrics\u001b[39m","timestamp":"2025-09-10 06:54:29:5429"}
{"error":"this.database.healthCheck is not a function","level":"\u001b[31merror\u001b[39m","message":"\u001b[31mFailed to get dashboard data\u001b[39m","timestamp":"2025-09-10 06:54:29:5429"}
{"error":"Cannot read properties of undefined (reading 'map')","level":"\u001b[31merror\u001b[39m","message":"\u001b[31mFailed to get detailed metrics\u001b[39m","timeframe":"24h","timestamp":"2025-09-10 06:54:29:5429"}
{"error":"Cannot read properties of undefined (reading 'map')","level":"\u001b[31merror\u001b[39m","message":"\u001b[31mFailed to get detailed metrics\u001b[39m","timeframe":"1h","timestamp":"2025-09-10 06:54:29:5429"}
{"error":"this.database.prisma.user.findUnique is not a function","filters":{"endDate":"2025-09-10T06:54:29.304Z","startDate":"2025-08-11T06:54:29.304Z"},"level":"\u001b[31merror\u001b[39m","message":"\u001b[31mFailed to generate BI report\u001b[39m","reportType":"user_engagement","timestamp":"2025-09-10 06:54:29:5429"}
{"error":"this.database.prisma.subscription.findFirst is not a function","filters":{"endDate":"2025-09-10T06:54:29.328Z","startDate":"2025-08-11T06:54:29.327Z"},"level":"\u001b[31merror\u001b[39m","message":"\u001b[31mFailed to generate BI report\u001b[39m","reportType":"revenue_analysis","timestamp":"2025-09-10 06:54:29:5429"}
{"error":"Unknown report type: unknown_report","filters":{},"level":"\u001b[31merror\u001b[39m","message":"\u001b[31mFailed to generate BI report\u001b[39m","reportType":"unknown_report","timestamp":"2025-09-10 06:54:29:5429"}
{"error":"Connection failed","level":"\u001b[31merror\u001b[39m","message":"\u001b[31mFailed to connect to database\u001b[39m","timestamp":"2025-09-10 06:54:29:5429"}
{"error":"Connection failed","level":"\u001b[31merror\u001b[39m","message":"\u001b[31mDatabase health check failed\u001b[39m","timestamp":"2025-09-10 06:54:29:5429"}
{"error":"Unexpected token 'i', \"invalid json\" is not valid JSON","level":"\u001b[31merror\u001b[39m","message":"\u001b[31mFailed to handle WebSocket message\u001b[39m","timestamp":"2025-09-10 06:55:20:5520"}
{"error":"Database error","level":"\u001b[31merror\u001b[39m","message":"\u001b[31mFailed to update metrics\u001b[39m","timestamp":"2025-09-10 06:55:20:5520"}
{"error":"Cannot read properties of undefined (reading 'map')","level":"\u001b[31merror\u001b[39m","message":"\u001b[31mFailed to get detailed metrics\u001b[39m","timeframe":"24h","timestamp":"2025-09-10 06:55:20:5520"}
{"error":"Cannot read properties of undefined (reading 'map')","level":"\u001b[31merror\u001b[39m","message":"\u001b[31mFailed to get detailed metrics\u001b[39m","timeframe":"1h","timestamp":"2025-09-10 06:55:20:5520"}
{"error":"Unknown report type: unknown_report","filters":{},"level":"\u001b[31merror\u001b[39m","message":"\u001b[31mFailed to generate BI report\u001b[39m","reportType":"unknown_report","timestamp":"2025-09-10 06:55:20:5520"}
{"error":"Connection failed","level":"\u001b[31merror\u001b[39m","message":"\u001b[31mFailed to connect to database\u001b[39m","timestamp":"2025-09-10 06:55:21:5521"}
{"error":"Connection failed","level":"\u001b[31merror\u001b[39m","message":"\u001b[31mDatabase health check failed\u001b[39m","timestamp":"2025-09-10 06:55:21:5521"}
{"error":"Cannot read properties of undefined (reading 'toISOString')","level":"\u001b[31merror\u001b[39m","message":"\u001b[31mFailed to get detailed metrics\u001b[39m","timeframe":"24h","timestamp":"2025-09-10 07:00:17:017"}
{"error":"Cannot read properties of undefined (reading 'map')","level":"\u001b[31merror\u001b[39m","message":"\u001b[31mFailed to get detailed metrics\u001b[39m","timeframe":"1h","timestamp":"2025-09-10 07:00:17:017"}
{"error":"Unknown report type: unknown_report","filters":{},"level":"\u001b[31merror\u001b[39m","message":"\u001b[31mFailed to generate BI report\u001b[39m","reportType":"unknown_report","timestamp":"2025-09-10 07:00:17:017"}
{"error":"Connection failed","level":"\u001b[31merror\u001b[39m","message":"\u001b[31mFailed to connect to database\u001b[39m","timestamp":"2025-09-10 07:00:18:018"}
{"error":"Connection failed","level":"\u001b[31merror\u001b[39m","message":"\u001b[31mDatabase health check failed\u001b[39m","timestamp":"2025-09-10 07:00:18:018"}
{"error":"Cannot read properties of undefined (reading 'map')","level":"\u001b[31merror\u001b[39m","message":"\u001b[31mFailed to get detailed metrics\u001b[39m","timeframe":"1h","timestamp":"2025-09-10 07:01:06:16"}
{"error":"Unknown report type: unknown_report","filters":{},"level":"\u001b[31merror\u001b[39m","message":"\u001b[31mFailed to generate BI report\u001b[39m","reportType":"unknown_report","timestamp":"2025-09-10 07:01:06:16"}
{"error":"Connection failed","level":"\u001b[31merror\u001b[39m","message":"\u001b[31mFailed to connect to database\u001b[39m","timestamp":"2025-09-10 07:01:07:17"}
{"error":"Connection failed","level":"\u001b[31merror\u001b[39m","message":"\u001b[31mDatabase health check failed\u001b[39m","timestamp":"2025-09-10 07:01:07:17"}
